<?xml version="1.0" encoding="UTF-8"?>
<coverage generated="1715688311126" clover="3.2.0">
  <project timestamp="1715688311126" name="All files">
    <metrics statements="33" coveredstatements="31" conditionals="8" coveredconditionals="5" methods="9" coveredmethods="9" elements="50" coveredelements="45" complexity="0" loc="33" ncloc="33" packages="1" files="4" classes="4"/>
    <file name="Footer.jsx" path="/home/arcgate/Desktop/E-commerce/front-end/src/components/Footer.jsx">
      <metrics statements="2" coveredstatements="2" conditionals="0" coveredconditionals="0" methods="1" coveredmethods="1"/>
      <line num="3" count="1" type="stmt"/>
      <line num="4" count="1" type="stmt"/>
    </file>
    <file name="Login.jsx" path="/home/arcgate/Desktop/E-commerce/front-end/src/components/Login.jsx">
      <metrics statements="22" coveredstatements="20" conditionals="6" coveredconditionals="3" methods="5" coveredmethods="5"/>
      <line num="4" count="1" type="stmt"/>
      <line num="5" count="8" type="stmt"/>
      <line num="6" count="7" type="stmt"/>
      <line num="7" count="7" type="stmt"/>
      <line num="8" count="7" type="stmt"/>
      <line num="10" count="7" type="stmt"/>
      <line num="11" count="3" type="stmt"/>
      <line num="12" count="3" type="cond" truecount="1" falsecount="1"/>
      <line num="13" count="0" type="stmt"/>
      <line num="17" count="7" type="stmt"/>
      <line num="18" count="1" type="stmt"/>
      <line num="19" count="1" type="stmt"/>
      <line num="26" count="1" type="stmt"/>
      <line num="27" count="1" type="stmt"/>
      <line num="28" count="1" type="cond" truecount="1" falsecount="1"/>
      <line num="29" count="1" type="stmt"/>
      <line num="30" count="1" type="stmt"/>
      <line num="31" count="1" type="stmt"/>
      <line num="33" count="0" type="stmt"/>
      <line num="37" count="7" type="stmt"/>
      <line num="45" count="2" type="stmt"/>
      <line num="52" count="2" type="stmt"/>
    </file>
    <file name="Nav.jsx" path="/home/arcgate/Desktop/E-commerce/front-end/src/components/Nav.jsx">
      <metrics statements="7" coveredstatements="7" conditionals="2" coveredconditionals="2" methods="2" coveredmethods="2"/>
      <line num="5" count="1" type="stmt"/>
      <line num="6" count="3" type="stmt"/>
      <line num="7" count="3" type="stmt"/>
      <line num="8" count="3" type="stmt"/>
      <line num="9" count="1" type="stmt"/>
      <line num="10" count="1" type="stmt"/>
      <line num="12" count="3" type="stmt"/>
    </file>
    <file name="testSum.jsx" path="/home/arcgate/Desktop/E-commerce/front-end/src/components/testSum.jsx">
      <metrics statements="2" coveredstatements="2" conditionals="0" coveredconditionals="0" methods="1" coveredmethods="1"/>
      <line num="2" count="1" type="stmt"/>
      <line num="4" count="1" type="stmt"/>
    </file>
  </project>
</coverage>
