{"/home/arcgate/Desktop/E-commerce/front-end/src/components/Footer.jsx": {"path":"/home/arcgate/Desktop/E-commerce/front-end/src/components/Footer.jsx","statementMap":{"0":{"start":{"line":3,"column":14},"end":{"line":9,"column":1}},"1":{"start":{"line":4,"column":4},"end":{"line":8,"column":5}}},"fnMap":{"0":{"name":"(anonymous_0)","decl":{"start":{"line":3,"column":14},"end":{"line":3,"column":15}},"loc":{"start":{"line":3,"column":18},"end":{"line":9,"column":1}},"line":3}},"branchMap":{},"s":{"0":1,"1":1},"f":{"0":1},"b":{},"_coverageSchema":"1a1c01bbd47fc00a2c39e90264f33305004495a9","hash":"950a4992a54381af8550e5c0381931b0f15b3082"}
,"/home/arcgate/Desktop/E-commerce/front-end/src/components/Login.jsx": {"path":"/home/arcgate/Desktop/E-commerce/front-end/src/components/Login.jsx","statementMap":{"0":{"start":{"line":4,"column":14},"end":{"line":58,"column":1}},"1":{"start":{"line":5,"column":30},"end":{"line":5,"column":42}},"2":{"start":{"line":6,"column":36},"end":{"line":6,"column":48}},"3":{"start":{"line":7,"column":40},"end":{"line":7,"column":52}},"4":{"start":{"line":8,"column":21},"end":{"line":8,"column":34}},"5":{"start":{"line":10,"column":4},"end":{"line":15,"column":11}},"6":{"start":{"line":11,"column":21},"end":{"line":11,"column":49}},"7":{"start":{"line":12,"column":8},"end":{"line":14,"column":9}},"8":{"start":{"line":13,"column":12},"end":{"line":13,"column":26}},"9":{"start":{"line":17,"column":24},"end":{"line":35,"column":5}},"10":{"start":{"line":18,"column":8},"end":{"line":18,"column":56}},"11":{"start":{"line":19,"column":21},"end":{"line":25,"column":10}},"12":{"start":{"line":26,"column":8},"end":{"line":26,"column":37}},"13":{"start":{"line":27,"column":8},"end":{"line":27,"column":28}},"14":{"start":{"line":28,"column":8},"end":{"line":34,"column":9}},"15":{"start":{"line":29,"column":12},"end":{"line":29,"column":65}},"16":{"start":{"line":30,"column":12},"end":{"line":30,"column":26}},"17":{"start":{"line":31,"column":12},"end":{"line":31,"column":30}},"18":{"start":{"line":33,"column":12},"end":{"line":33,"column":58}},"19":{"start":{"line":37,"column":4},"end":{"line":57,"column":6}},"20":{"start":{"line":45,"column":33},"end":{"line":45,"column":57}},"21":{"start":{"line":52,"column":33},"end":{"line":52,"column":60}}},"fnMap":{"0":{"name":"(anonymous_0)","decl":{"start":{"line":4,"column":14},"end":{"line":4,"column":15}},"loc":{"start":{"line":4,"column":20},"end":{"line":58,"column":1}},"line":4},"1":{"name":"(anonymous_1)","decl":{"start":{"line":10,"column":14},"end":{"line":10,"column":15}},"loc":{"start":{"line":10,"column":20},"end":{"line":15,"column":5}},"line":10},"2":{"name":"(anonymous_2)","decl":{"start":{"line":17,"column":24},"end":{"line":17,"column":25}},"loc":{"start":{"line":17,"column":36},"end":{"line":35,"column":5}},"line":17},"3":{"name":"(anonymous_3)","decl":{"start":{"line":45,"column":26},"end":{"line":45,"column":27}},"loc":{"start":{"line":45,"column":33},"end":{"line":45,"column":57}},"line":45},"4":{"name":"(anonymous_4)","decl":{"start":{"line":52,"column":26},"end":{"line":52,"column":27}},"loc":{"start":{"line":52,"column":33},"end":{"line":52,"column":60}},"line":52}},"branchMap":{"0":{"loc":{"start":{"line":12,"column":8},"end":{"line":14,"column":9}},"type":"if","locations":[{"start":{"line":12,"column":8},"end":{"line":14,"column":9}},{"start":{},"end":{}}],"line":12},"1":{"loc":{"start":{"line":28,"column":8},"end":{"line":34,"column":9}},"type":"if","locations":[{"start":{"line":28,"column":8},"end":{"line":34,"column":9}},{"start":{"line":32,"column":15},"end":{"line":34,"column":9}}],"line":28},"2":{"loc":{"start":{"line":40,"column":13},"end":{"line":40,"column":68}},"type":"binary-expr","locations":[{"start":{"line":40,"column":13},"end":{"line":40,"column":23}},{"start":{"line":40,"column":27},"end":{"line":40,"column":68}}],"line":40}},"s":{"0":1,"1":8,"2":7,"3":7,"4":7,"5":7,"6":3,"7":3,"8":0,"9":7,"10":1,"11":1,"12":1,"13":1,"14":1,"15":1,"16":1,"17":1,"18":0,"19":7,"20":2,"21":2},"f":{"0":8,"1":3,"2":1,"3":2,"4":2},"b":{"0":[0,3],"1":[1,0],"2":[7,0]},"_coverageSchema":"1a1c01bbd47fc00a2c39e90264f33305004495a9","hash":"370fdbd173b89fe8c2d6d8e5248dda5cd2d57f3c"}
,"/home/arcgate/Desktop/E-commerce/front-end/src/components/Nav.jsx": {"path":"/home/arcgate/Desktop/E-commerce/front-end/src/components/Nav.jsx","statementMap":{"0":{"start":{"line":5,"column":10},"end":{"line":33,"column":1}},"1":{"start":{"line":6,"column":15},"end":{"line":6,"column":43}},"2":{"start":{"line":7,"column":21},"end":{"line":7,"column":34}},"3":{"start":{"line":8,"column":17},"end":{"line":11,"column":4}},"4":{"start":{"line":9,"column":4},"end":{"line":9,"column":25}},"5":{"start":{"line":10,"column":4},"end":{"line":10,"column":23}},"6":{"start":{"line":12,"column":4},"end":{"line":32,"column":5}}},"fnMap":{"0":{"name":"(anonymous_0)","decl":{"start":{"line":5,"column":10},"end":{"line":5,"column":11}},"loc":{"start":{"line":5,"column":14},"end":{"line":33,"column":1}},"line":5},"1":{"name":"(anonymous_1)","decl":{"start":{"line":8,"column":17},"end":{"line":8,"column":18}},"loc":{"start":{"line":8,"column":21},"end":{"line":11,"column":4}},"line":8}},"branchMap":{"0":{"loc":{"start":{"line":18,"column":13},"end":{"line":29,"column":21}},"type":"cond-expr","locations":[{"start":{"line":18,"column":21},"end":{"line":24,"column":17}},{"start":{"line":26,"column":16},"end":{"line":29,"column":21}}],"line":18}},"s":{"0":1,"1":3,"2":3,"3":3,"4":1,"5":1,"6":3},"f":{"0":3,"1":1},"b":{"0":[2,1]},"_coverageSchema":"1a1c01bbd47fc00a2c39e90264f33305004495a9","hash":"741bf90961a6cd1ce65ee91b036e7b785108496d"}
,"/home/arcgate/Desktop/E-commerce/front-end/src/components/testSum.jsx": {"path":"/home/arcgate/Desktop/E-commerce/front-end/src/components/testSum.jsx","statementMap":{"0":{"start":{"line":2,"column":2},"end":{"line":2,"column":15}},"1":{"start":{"line":4,"column":0},"end":{"line":4,"column":25}}},"fnMap":{"0":{"name":"testSum","decl":{"start":{"line":1,"column":9},"end":{"line":1,"column":16}},"loc":{"start":{"line":1,"column":23},"end":{"line":3,"column":1}},"line":1}},"branchMap":{},"s":{"0":1,"1":1},"f":{"0":1},"b":{},"_coverageSchema":"1a1c01bbd47fc00a2c39e90264f33305004495a9","hash":"e61d009212aa2a8b6b7e699ce201d5e7ad87b627"}
}
