TN:
SF:src/components/Footer.jsx
FN:3,(anonymous_0)
FNF:1
FNH:1
FNDA:1,(anonymous_0)
DA:3,1
DA:4,1
LF:2
LH:2
BRF:0
BRH:0
end_of_record
TN:
SF:src/components/Login.jsx
FN:4,(anonymous_0)
FN:10,(anonymous_1)
FN:17,(anonymous_2)
FN:45,(anonymous_3)
FN:52,(anonymous_4)
FNF:5
FNH:5
FNDA:8,(anonymous_0)
FNDA:3,(anonymous_1)
FNDA:1,(anonymous_2)
FNDA:2,(anonymous_3)
FNDA:2,(anonymous_4)
DA:4,1
DA:5,8
DA:6,7
DA:7,7
DA:8,7
DA:10,7
DA:11,3
DA:12,3
DA:13,0
DA:17,7
DA:18,1
DA:19,1
DA:26,1
DA:27,1
DA:28,1
DA:29,1
DA:30,1
DA:31,1
DA:33,0
DA:37,7
DA:45,2
DA:52,2
LF:22
LH:20
BRDA:12,0,0,0
BRDA:12,0,1,3
BRDA:28,1,0,1
BRDA:28,1,1,0
BRDA:40,2,0,7
BRDA:40,2,1,0
BRF:6
BRH:3
end_of_record
TN:
SF:src/components/Nav.jsx
FN:5,(anonymous_0)
FN:8,(anonymous_1)
FNF:2
FNH:2
FNDA:3,(anonymous_0)
FNDA:1,(anonymous_1)
DA:5,1
DA:6,3
DA:7,3
DA:8,3
DA:9,1
DA:10,1
DA:12,3
LF:7
LH:7
BRDA:18,0,0,2
BRDA:18,0,1,1
BRF:2
BRH:2
end_of_record
TN:
SF:src/components/testSum.jsx
FN:1,testSum
FNF:1
FNH:1
FNDA:1,testSum
DA:2,1
DA:4,1
LF:2
LH:2
BRF:0
BRH:0
end_of_record
